<?xml version="1.0" encoding="UTF-8"?>
<!-- Generated by org.testng.reporters.JUnitReportReporter -->
<testsuite hostname="DESKTOP-HCSUVAF" failures="0" tests="3" name="test.DashBoardTest" time="33.439" errors="0" timestamp="2023-04-13T11:37:20 EDT" skipped="0">
  <testcase classname="test.DashBoardTest" name="userShouldLandOnDashboardPage" time="8.308"/>
  <system-out/>
  <testcase classname="test.DashBoardTest" name="valiateMonthDropdown" time="10.298"/>
  <system-out/>
  <testcase classname="test.DashBoardTest" name="userShouldAddCtegory" time="14.833"/>
  <system-out/>
</testsuite> <!-- test.DashBoardTest -->
